<?xml version="1.0" encoding="UTF-8"?>
<!-- Generated by org.testng.reporters.JUnitXMLReporter -->
<testsuite hostname="Anh_PC" ignored="0" name="Test" tests="2" failures="2" timestamp="01 Jun 2017 09:45:55 GMT" time="14.453" errors="0">
  <testcase name="chuphinh" time="0.016" classname="test.pk.testGetLogin">
    <failure type="java.lang.NullPointerException">
      <![CDATA[java.lang.NullPointerException
	at test.pk.testGetLogin.chuphinh(testGetLogin.java:124)
... Removed 25 stack frames]]>
    </failure>
  </testcase> <!-- chuphinh -->
  <testcase name="test" time="14.386" classname="test.pk.testGetLogin">
    <failure type="java.lang.NullPointerException">
      <![CDATA[java.lang.NullPointerException
	at test.pk.testGetLogin.chuphinh(testGetLogin.java:124)
	at test.pk.testGetLogin.test(testGetLogin.java:99)
... Removed 25 stack frames]]>
    </failure>
  </testcase> <!-- test -->
</testsuite> <!-- Test -->
