-------------------------------------------------------------------------------
Test set: TestSuite
-------------------------------------------------------------------------------
Tests run: 1, Failures: 1, Errors: 0, Skipped: 0, Time elapsed: 35.916 s <<< FAILURE! - in TestSuite
test(test.pk.testGetLogin)  Time elapsed: 19.276 s  <<< FAILURE!
java.lang.AssertionError: expected [true] but found [false]
	at test.pk.testGetLogin.test(testGetLogin.java:109)

