<?xml version="1.0" encoding="UTF-8"?>
<testsuite xmlns:xsi="http://www.w3.org/2001/XMLSchema-instance" xsi:noNamespaceSchemaLocation="https://maven.apache.org/surefire/maven-surefire-plugin/xsd/surefire-test-report.xsd" name="TestSuite" time="35.916" tests="1" errors="0" skipped="0" failures="1">
  <properties>
[...]
</properties>
  <testcase name="test" classname="test.pk.testGetLogin" time="19.276">
    <failure message="expected [true] but found [false]" type="java.lang.AssertionError">java.lang.AssertionError: expected [true] but found [false]
	at test.pk.testGetLogin.test(testGetLogin.java:109)
</failure>
    <system-out><![CDATA[GET ne
https://id.gosu.vn/Payment/Prepay
sendKeys
#UserName----css----nguyentuananh2019
select: #UserName  bochon: css
sendKeys
#Password----css----anhanhanh
select: #Password  bochon: css
CLICK ne
.ok----css
select: .ok  bochon: css
check_login ----check key: nguyentuananh2018
FirefoxDriver: firefox on ANY (c7e4be54-4efa-415e-8445-a1a2edc49edf)
The name of the testcase failed is :test
---------->2
+++++java.lang.AssertionError: expected [true] but found [false]
chup hinh
FirefoxDriver: firefox on ANY (c7e4be54-4efa-415e-8445-a1a2edc49edf)
loi ne!-chup hinh lai
2162017_071644---java.lang.AssertionError
]]></system-out>
    <system-err><![CDATA[1496362572580	geckodriver	INFO	Listening on 127.0.0.1:14114
1496362574727	geckodriver::marionette	INFO	Starting browser \\?\C:\Program Files\Mozilla Firefox\firefox.exe with args ["-marionette"]
1J4a9vaScript error: resource://gre/modules/AddonManager.jsm, line 1657: NS_ERROR_NOT_INITIALIZED: AddonManager is not initialized63
62576525	addons.manager	ERROR	startup failed: [Exception... "Component returned failure code: 0x80070057 (NS_ERROR_ILLEGAL_VALUE) [nsIFile.create]"  nsresult: "0x80070057 (NS_ERROR_ILLEGAL_VALUE)"  location: "JS frame :: resource://gre/modules/FileUtils.jsm :: FileUtils_getDir :: line 70"  data: no] Stack trace: FileUtils_getDir()@resource://gre/modules/FileUtils.jsm:70 < FileUtils_getFile()@resource://gre/modules/FileUtils.jsm:42 < validateBlocklist()@resource://gre/modules/AddonManager.jsm:671 < startup()@resource://gre/modules/AddonManager.jsm:834 < startup()@resource://gre/modules/AddonManager.jsm:3129 < observe()@resource://gre/components/addonManager.js:65
1496362583660	Marionette	INFO	Listening on port 17962
JavaScript error: resource://gre/modules/AddonManager.jsm, line 2570: NS_ERROR_NOT_INITIALIZED: AddonManager is not initialized
Jun 02, 2017 7:16:25 AM org.openqa.selenium.remote.ProtocolHandshake createSession
INFO: Detected dialect: W3C
1496362605039	Marionette	INFO	New connections will no longer be accepted
]]></system-err>
  </testcase>
</testsuite>