<?xml version="1.0" encoding="UTF-8"?>
<testng-results skipped="0" failed="0" ignored="0" total="1" passed="1">
  <reporter-output>
  </reporter-output>
  <suite name="Default suite" duration-ms="11175" started-at="2017-06-02T00:07:05Z" finished-at="2017-06-02T00:07:16Z">
    <groups>
    </groups>
    <test name="Default test" duration-ms="11175" started-at="2017-06-02T00:07:05Z" finished-at="2017-06-02T00:07:16Z">
      <class name="test.pk.testGetLogin">
        <test-method status="PASS" signature="test()[pri:0, instance:test.pk.testGetLogin@25ce9dc4]" name="test" duration-ms="10948" started-at="2017-06-02T07:07:05Z" finished-at="2017-06-02T07:07:16Z">
          <reporter-output>
          </reporter-output>
        </test-method> <!-- test -->
      </class> <!-- test.pk.testGetLogin -->
    </test> <!-- Default test -->
  </suite> <!-- Default suite -->
</testng-results>
