<?xml version="1.0" encoding="UTF-8"?>
<testng-results skipped="0" failed="0" ignored="0" total="1" passed="1">
  <reporter-output>
  </reporter-output>
  <suite name="Default suite" duration-ms="56611" started-at="2017-06-01T07:14:38Z" finished-at="2017-06-01T07:15:35Z">
    <groups>
    </groups>
    <test name="Default test" duration-ms="56611" started-at="2017-06-01T07:14:38Z" finished-at="2017-06-01T07:15:35Z">
      <class name="test.pk.testGetLogin">
        <test-method status="PASS" signature="test()[pri:0, instance:test.pk.testGetLogin@36d4b5c]" name="test" duration-ms="56590" started-at="2017-06-01T14:14:38Z" finished-at="2017-06-01T14:15:35Z">
          <reporter-output>
          </reporter-output>
        </test-method> <!-- test -->
      </class> <!-- test.pk.testGetLogin -->
    </test> <!-- Default test -->
  </suite> <!-- Default suite -->
</testng-results>
